2013/05/15 22:55:16 [trace] [system.db.CDbConnection] Opening DB connection
in D:\wamp\www\sns\protected\controllers\TalkListController.php (108)
in D:\wamp\www\sns\index.php (13)
2013/05/15 22:55:16 [trace] [system.db.CDbCommand] Querying SQL: SHOW COLUMNS FROM `l_talk_list`
in D:\wamp\www\sns\protected\controllers\TalkListController.php (108)
in D:\wamp\www\sns\index.php (13)
2013/05/15 22:55:16 [trace] [system.db.CDbCommand] Querying SQL: SHOW CREATE TABLE `l_talk_list`
in D:\wamp\www\sns\protected\controllers\TalkListController.php (108)
in D:\wamp\www\sns\index.php (13)
2013/05/15 22:55:16 [trace] [system.db.ar.CActiveRecord] TalkList.count()
in D:\wamp\www\sns\protected\views\talkList\index.php (29)
in D:\wamp\www\sns\protected\controllers\TalkListController.php (112)
in D:\wamp\www\sns\index.php (13)
2013/05/15 22:55:16 [trace] [system.db.CDbCommand] Querying SQL: SELECT COUNT(*) FROM `l_talk_list` `t` WHERE user_id=1
in D:\wamp\www\sns\protected\views\talkList\index.php (29)
in D:\wamp\www\sns\protected\controllers\TalkListController.php (112)
in D:\wamp\www\sns\index.php (13)
2013/05/15 22:55:16 [trace] [system.db.ar.CActiveRecord] TalkList.findAll()
in D:\wamp\www\sns\protected\views\talkList\index.php (29)
in D:\wamp\www\sns\protected\controllers\TalkListController.php (112)
in D:\wamp\www\sns\index.php (13)
2013/05/15 22:55:16 [trace] [system.db.CDbCommand] Querying SQL: SELECT * FROM `l_talk_list` `t` WHERE user_id=1 ORDER BY create_time DESC LIMIT 10
in D:\wamp\www\sns\protected\views\talkList\index.php (29)
in D:\wamp\www\sns\protected\controllers\TalkListController.php (112)
in D:\wamp\www\sns\index.php (13)
2013/05/15 22:55:16 [trace] [system.db.ar.CActiveRecord] lazy loading TalkList.user
in D:\wamp\www\sns\protected\views\talkList\_view.php (9)
in D:\wamp\www\sns\protected\views\talkList\index.php (29)
in D:\wamp\www\sns\protected\controllers\TalkListController.php (112)
2013/05/15 22:55:16 [trace] [system.db.CDbCommand] Querying SQL: SHOW COLUMNS FROM `l_user`
in D:\wamp\www\sns\protected\views\talkList\_view.php (9)
in D:\wamp\www\sns\protected\views\talkList\index.php (29)
in D:\wamp\www\sns\protected\controllers\TalkListController.php (112)
2013/05/15 22:55:16 [trace] [system.db.CDbCommand] Querying SQL: SHOW CREATE TABLE `l_user`
in D:\wamp\www\sns\protected\views\talkList\_view.php (9)
in D:\wamp\www\sns\protected\views\talkList\index.php (29)
in D:\wamp\www\sns\protected\controllers\TalkListController.php (112)
2013/05/15 22:55:16 [trace] [system.db.CDbCommand] Querying SQL: SELECT `user`.`id` AS `t1_c0`, `user`.`username` AS `t1_c1`, `user`.`password` AS `t1_c2`, `user`.`pic` AS `t1_c3`, `user`.`nickname` AS `t1_c4`, `user`.`user_sign` AS `t1_c5`, `user`.`name` AS `t1_c6`, `user`.`english_name` AS `t1_c7`, `user`.`gender` AS `t1_c8`, `user`.`birthday` AS `t1_c9`, `user`.`horoscope` AS `t1_c10`, `user`.`blood_type` AS `t1_c11`, `user`.`current_live_id` AS `t1_c12`, `user`.`hometown_id` AS `t1_c13` FROM `l_user` `user`  WHERE (`user`.`id`=:ypl0). Bound with :ypl0='1'
in D:\wamp\www\sns\protected\views\talkList\_view.php (9)
in D:\wamp\www\sns\protected\views\talkList\index.php (29)
in D:\wamp\www\sns\protected\controllers\TalkListController.php (112)
2013/05/15 22:55:16 [trace] [system.db.ar.CActiveRecord] lazy loading TalkList.content
in D:\wamp\www\sns\protected\views\talkList\_view.php (12)
in D:\wamp\www\sns\protected\views\talkList\index.php (29)
in D:\wamp\www\sns\protected\controllers\TalkListController.php (112)
2013/05/15 22:55:16 [trace] [system.db.CDbCommand] Querying SQL: SHOW COLUMNS FROM `l_talk`
in D:\wamp\www\sns\protected\views\talkList\_view.php (12)
in D:\wamp\www\sns\protected\views\talkList\index.php (29)
in D:\wamp\www\sns\protected\controllers\TalkListController.php (112)
2013/05/15 22:55:16 [trace] [system.db.CDbCommand] Querying SQL: SHOW CREATE TABLE `l_talk`
in D:\wamp\www\sns\protected\views\talkList\_view.php (12)
in D:\wamp\www\sns\protected\views\talkList\index.php (29)
in D:\wamp\www\sns\protected\controllers\TalkListController.php (112)
2013/05/15 22:55:16 [trace] [system.db.CDbCommand] Querying SQL: SELECT `content`.`id` AS `t1_c0`, `content`.`user_id` AS `t1_c1`, `content`.`content` AS `t1_c2`, `content`.`transmit_count` AS `t1_c3`, `content`.`create_time` AS `t1_c4` FROM `l_talk` `content`  WHERE (`content`.`id`=:ypl0). Bound with :ypl0='141'
in D:\wamp\www\sns\protected\views\talkList\_view.php (12)
in D:\wamp\www\sns\protected\views\talkList\index.php (29)
in D:\wamp\www\sns\protected\controllers\TalkListController.php (112)
2013/05/15 22:55:16 [trace] [system.db.ar.CActiveRecord] lazy loading TalkList.talk_comment_count
in D:\wamp\www\sns\protected\views\talkList\_view.php (17)
in D:\wamp\www\sns\protected\views\talkList\index.php (29)
in D:\wamp\www\sns\protected\controllers\TalkListController.php (112)
2013/05/15 22:55:16 [trace] [system.db.CDbCommand] Querying SQL: SHOW COLUMNS FROM `l_talk_comment`
in D:\wamp\www\sns\protected\views\talkList\_view.php (17)
in D:\wamp\www\sns\protected\views\talkList\index.php (29)
in D:\wamp\www\sns\protected\controllers\TalkListController.php (112)
2013/05/15 22:55:16 [trace] [system.db.CDbCommand] Querying SQL: SHOW CREATE TABLE `l_talk_comment`
in D:\wamp\www\sns\protected\views\talkList\_view.php (17)
in D:\wamp\www\sns\protected\views\talkList\index.php (29)
in D:\wamp\www\sns\protected\controllers\TalkListController.php (112)
2013/05/15 22:55:16 [trace] [system.db.CDbCommand] Querying SQL: SELECT `list_id` AS `c`, COUNT(*) AS `s` FROM `l_talk_comment` `t` WHERE (`t`.`list_id`=159) GROUP BY `list_id`
in D:\wamp\www\sns\protected\views\talkList\_view.php (17)
in D:\wamp\www\sns\protected\views\talkList\index.php (29)
in D:\wamp\www\sns\protected\controllers\TalkListController.php (112)
2013/05/15 22:55:16 [trace] [system.db.ar.CActiveRecord] lazy loading TalkList.user
in D:\wamp\www\sns\protected\views\talkList\_view.php (9)
in D:\wamp\www\sns\protected\views\talkList\index.php (29)
in D:\wamp\www\sns\protected\controllers\TalkListController.php (112)
2013/05/15 22:55:16 [trace] [system.db.CDbCommand] Querying SQL: SELECT `user`.`id` AS `t1_c0`, `user`.`username` AS `t1_c1`, `user`.`password` AS `t1_c2`, `user`.`pic` AS `t1_c3`, `user`.`nickname` AS `t1_c4`, `user`.`user_sign` AS `t1_c5`, `user`.`name` AS `t1_c6`, `user`.`english_name` AS `t1_c7`, `user`.`gender` AS `t1_c8`, `user`.`birthday` AS `t1_c9`, `user`.`horoscope` AS `t1_c10`, `user`.`blood_type` AS `t1_c11`, `user`.`current_live_id` AS `t1_c12`, `user`.`hometown_id` AS `t1_c13` FROM `l_user` `user`  WHERE (`user`.`id`=:ypl0). Bound with :ypl0='1'
in D:\wamp\www\sns\protected\views\talkList\_view.php (9)
in D:\wamp\www\sns\protected\views\talkList\index.php (29)
in D:\wamp\www\sns\protected\controllers\TalkListController.php (112)
2013/05/15 22:55:16 [trace] [system.db.ar.CActiveRecord] lazy loading TalkList.content
in D:\wamp\www\sns\protected\views\talkList\_view.php (12)
in D:\wamp\www\sns\protected\views\talkList\index.php (29)
in D:\wamp\www\sns\protected\controllers\TalkListController.php (112)
2013/05/15 22:55:16 [trace] [system.db.CDbCommand] Querying SQL: SELECT `content`.`id` AS `t1_c0`, `content`.`user_id` AS `t1_c1`, `content`.`content` AS `t1_c2`, `content`.`transmit_count` AS `t1_c3`, `content`.`create_time` AS `t1_c4` FROM `l_talk` `content`  WHERE (`content`.`id`=:ypl0). Bound with :ypl0='140'
in D:\wamp\www\sns\protected\views\talkList\_view.php (12)
in D:\wamp\www\sns\protected\views\talkList\index.php (29)
in D:\wamp\www\sns\protected\controllers\TalkListController.php (112)
2013/05/15 22:55:16 [trace] [system.db.ar.CActiveRecord] lazy loading TalkList.talk_comment_count
in D:\wamp\www\sns\protected\views\talkList\_view.php (17)
in D:\wamp\www\sns\protected\views\talkList\index.php (29)
in D:\wamp\www\sns\protected\controllers\TalkListController.php (112)
2013/05/15 22:55:16 [trace] [system.db.CDbCommand] Querying SQL: SELECT `list_id` AS `c`, COUNT(*) AS `s` FROM `l_talk_comment` `t` WHERE (`t`.`list_id`=158) GROUP BY `list_id`
in D:\wamp\www\sns\protected\views\talkList\_view.php (17)
in D:\wamp\www\sns\protected\views\talkList\index.php (29)
in D:\wamp\www\sns\protected\controllers\TalkListController.php (112)
2013/05/15 22:55:16 [trace] [system.db.ar.CActiveRecord] lazy loading TalkList.user
in D:\wamp\www\sns\protected\views\talkList\_view.php (9)
in D:\wamp\www\sns\protected\views\talkList\index.php (29)
in D:\wamp\www\sns\protected\controllers\TalkListController.php (112)
2013/05/15 22:55:16 [trace] [system.db.CDbCommand] Querying SQL: SELECT `user`.`id` AS `t1_c0`, `user`.`username` AS `t1_c1`, `user`.`password` AS `t1_c2`, `user`.`pic` AS `t1_c3`, `user`.`nickname` AS `t1_c4`, `user`.`user_sign` AS `t1_c5`, `user`.`name` AS `t1_c6`, `user`.`english_name` AS `t1_c7`, `user`.`gender` AS `t1_c8`, `user`.`birthday` AS `t1_c9`, `user`.`horoscope` AS `t1_c10`, `user`.`blood_type` AS `t1_c11`, `user`.`current_live_id` AS `t1_c12`, `user`.`hometown_id` AS `t1_c13` FROM `l_user` `user`  WHERE (`user`.`id`=:ypl0). Bound with :ypl0='1'
in D:\wamp\www\sns\protected\views\talkList\_view.php (9)
in D:\wamp\www\sns\protected\views\talkList\index.php (29)
in D:\wamp\www\sns\protected\controllers\TalkListController.php (112)
2013/05/15 22:55:16 [trace] [system.db.ar.CActiveRecord] lazy loading TalkList.content
in D:\wamp\www\sns\protected\views\talkList\_view.php (12)
in D:\wamp\www\sns\protected\views\talkList\index.php (29)
in D:\wamp\www\sns\protected\controllers\TalkListController.php (112)
2013/05/15 22:55:16 [trace] [system.db.CDbCommand] Querying SQL: SELECT `content`.`id` AS `t1_c0`, `content`.`user_id` AS `t1_c1`, `content`.`content` AS `t1_c2`, `content`.`transmit_count` AS `t1_c3`, `content`.`create_time` AS `t1_c4` FROM `l_talk` `content`  WHERE (`content`.`id`=:ypl0). Bound with :ypl0='139'
in D:\wamp\www\sns\protected\views\talkList\_view.php (12)
in D:\wamp\www\sns\protected\views\talkList\index.php (29)
in D:\wamp\www\sns\protected\controllers\TalkListController.php (112)
2013/05/15 22:55:16 [trace] [system.db.ar.CActiveRecord] lazy loading TalkList.talk_comment_count
in D:\wamp\www\sns\protected\views\talkList\_view.php (17)
in D:\wamp\www\sns\protected\views\talkList\index.php (29)
in D:\wamp\www\sns\protected\controllers\TalkListController.php (112)
2013/05/15 22:55:16 [trace] [system.db.CDbCommand] Querying SQL: SELECT `list_id` AS `c`, COUNT(*) AS `s` FROM `l_talk_comment` `t` WHERE (`t`.`list_id`=157) GROUP BY `list_id`
in D:\wamp\www\sns\protected\views\talkList\_view.php (17)
in D:\wamp\www\sns\protected\views\talkList\index.php (29)
in D:\wamp\www\sns\protected\controllers\TalkListController.php (112)
2013/05/15 22:55:16 [trace] [system.db.ar.CActiveRecord] lazy loading TalkList.user
in D:\wamp\www\sns\protected\views\talkList\_view.php (9)
in D:\wamp\www\sns\protected\views\talkList\index.php (29)
in D:\wamp\www\sns\protected\controllers\TalkListController.php (112)
2013/05/15 22:55:16 [trace] [system.db.CDbCommand] Querying SQL: SELECT `user`.`id` AS `t1_c0`, `user`.`username` AS `t1_c1`, `user`.`password` AS `t1_c2`, `user`.`pic` AS `t1_c3`, `user`.`nickname` AS `t1_c4`, `user`.`user_sign` AS `t1_c5`, `user`.`name` AS `t1_c6`, `user`.`english_name` AS `t1_c7`, `user`.`gender` AS `t1_c8`, `user`.`birthday` AS `t1_c9`, `user`.`horoscope` AS `t1_c10`, `user`.`blood_type` AS `t1_c11`, `user`.`current_live_id` AS `t1_c12`, `user`.`hometown_id` AS `t1_c13` FROM `l_user` `user`  WHERE (`user`.`id`=:ypl0). Bound with :ypl0='1'
in D:\wamp\www\sns\protected\views\talkList\_view.php (9)
in D:\wamp\www\sns\protected\views\talkList\index.php (29)
in D:\wamp\www\sns\protected\controllers\TalkListController.php (112)
2013/05/15 22:55:16 [trace] [system.db.ar.CActiveRecord] lazy loading TalkList.content
in D:\wamp\www\sns\protected\views\talkList\_view.php (12)
in D:\wamp\www\sns\protected\views\talkList\index.php (29)
in D:\wamp\www\sns\protected\controllers\TalkListController.php (112)
2013/05/15 22:55:16 [trace] [system.db.CDbCommand] Querying SQL: SELECT `content`.`id` AS `t1_c0`, `content`.`user_id` AS `t1_c1`, `content`.`content` AS `t1_c2`, `content`.`transmit_count` AS `t1_c3`, `content`.`create_time` AS `t1_c4` FROM `l_talk` `content`  WHERE (`content`.`id`=:ypl0). Bound with :ypl0='138'
in D:\wamp\www\sns\protected\views\talkList\_view.php (12)
in D:\wamp\www\sns\protected\views\talkList\index.php (29)
in D:\wamp\www\sns\protected\controllers\TalkListController.php (112)
2013/05/15 22:55:16 [trace] [system.db.ar.CActiveRecord] lazy loading TalkList.talk_comment_count
in D:\wamp\www\sns\protected\views\talkList\_view.php (17)
in D:\wamp\www\sns\protected\views\talkList\index.php (29)
in D:\wamp\www\sns\protected\controllers\TalkListController.php (112)
2013/05/15 22:55:16 [trace] [system.db.CDbCommand] Querying SQL: SELECT `list_id` AS `c`, COUNT(*) AS `s` FROM `l_talk_comment` `t` WHERE (`t`.`list_id`=156) GROUP BY `list_id`
in D:\wamp\www\sns\protected\views\talkList\_view.php (17)
in D:\wamp\www\sns\protected\views\talkList\index.php (29)
in D:\wamp\www\sns\protected\controllers\TalkListController.php (112)
2013/05/15 22:55:16 [trace] [system.db.ar.CActiveRecord] lazy loading TalkList.user
in D:\wamp\www\sns\protected\views\talkList\_view.php (9)
in D:\wamp\www\sns\protected\views\talkList\index.php (29)
in D:\wamp\www\sns\protected\controllers\TalkListController.php (112)
2013/05/15 22:55:16 [trace] [system.db.CDbCommand] Querying SQL: SELECT `user`.`id` AS `t1_c0`, `user`.`username` AS `t1_c1`, `user`.`password` AS `t1_c2`, `user`.`pic` AS `t1_c3`, `user`.`nickname` AS `t1_c4`, `user`.`user_sign` AS `t1_c5`, `user`.`name` AS `t1_c6`, `user`.`english_name` AS `t1_c7`, `user`.`gender` AS `t1_c8`, `user`.`birthday` AS `t1_c9`, `user`.`horoscope` AS `t1_c10`, `user`.`blood_type` AS `t1_c11`, `user`.`current_live_id` AS `t1_c12`, `user`.`hometown_id` AS `t1_c13` FROM `l_user` `user`  WHERE (`user`.`id`=:ypl0). Bound with :ypl0='1'
in D:\wamp\www\sns\protected\views\talkList\_view.php (9)
in D:\wamp\www\sns\protected\views\talkList\index.php (29)
in D:\wamp\www\sns\protected\controllers\TalkListController.php (112)
2013/05/15 22:55:16 [trace] [system.db.ar.CActiveRecord] lazy loading TalkList.content
in D:\wamp\www\sns\protected\views\talkList\_view.php (12)
in D:\wamp\www\sns\protected\views\talkList\index.php (29)
in D:\wamp\www\sns\protected\controllers\TalkListController.php (112)
2013/05/15 22:55:16 [trace] [system.db.CDbCommand] Querying SQL: SELECT `content`.`id` AS `t1_c0`, `content`.`user_id` AS `t1_c1`, `content`.`content` AS `t1_c2`, `content`.`transmit_count` AS `t1_c3`, `content`.`create_time` AS `t1_c4` FROM `l_talk` `content`  WHERE (`content`.`id`=:ypl0). Bound with :ypl0='137'
in D:\wamp\www\sns\protected\views\talkList\_view.php (12)
in D:\wamp\www\sns\protected\views\talkList\index.php (29)
in D:\wamp\www\sns\protected\controllers\TalkListController.php (112)
2013/05/15 22:55:16 [trace] [system.db.ar.CActiveRecord] lazy loading TalkList.talk_comment_count
in D:\wamp\www\sns\protected\views\talkList\_view.php (17)
in D:\wamp\www\sns\protected\views\talkList\index.php (29)
in D:\wamp\www\sns\protected\controllers\TalkListController.php (112)
2013/05/15 22:55:16 [trace] [system.db.CDbCommand] Querying SQL: SELECT `list_id` AS `c`, COUNT(*) AS `s` FROM `l_talk_comment` `t` WHERE (`t`.`list_id`=155) GROUP BY `list_id`
in D:\wamp\www\sns\protected\views\talkList\_view.php (17)
in D:\wamp\www\sns\protected\views\talkList\index.php (29)
in D:\wamp\www\sns\protected\controllers\TalkListController.php (112)
2013/05/15 22:55:16 [trace] [system.db.ar.CActiveRecord] lazy loading TalkList.user
in D:\wamp\www\sns\protected\views\talkList\_view.php (9)
in D:\wamp\www\sns\protected\views\talkList\index.php (29)
in D:\wamp\www\sns\protected\controllers\TalkListController.php (112)
2013/05/15 22:55:16 [trace] [system.db.CDbCommand] Querying SQL: SELECT `user`.`id` AS `t1_c0`, `user`.`username` AS `t1_c1`, `user`.`password` AS `t1_c2`, `user`.`pic` AS `t1_c3`, `user`.`nickname` AS `t1_c4`, `user`.`user_sign` AS `t1_c5`, `user`.`name` AS `t1_c6`, `user`.`english_name` AS `t1_c7`, `user`.`gender` AS `t1_c8`, `user`.`birthday` AS `t1_c9`, `user`.`horoscope` AS `t1_c10`, `user`.`blood_type` AS `t1_c11`, `user`.`current_live_id` AS `t1_c12`, `user`.`hometown_id` AS `t1_c13` FROM `l_user` `user`  WHERE (`user`.`id`=:ypl0). Bound with :ypl0='1'
in D:\wamp\www\sns\protected\views\talkList\_view.php (9)
in D:\wamp\www\sns\protected\views\talkList\index.php (29)
in D:\wamp\www\sns\protected\controllers\TalkListController.php (112)
2013/05/15 22:55:16 [trace] [system.db.ar.CActiveRecord] lazy loading TalkList.content
in D:\wamp\www\sns\protected\views\talkList\_view.php (12)
in D:\wamp\www\sns\protected\views\talkList\index.php (29)
in D:\wamp\www\sns\protected\controllers\TalkListController.php (112)
2013/05/15 22:55:16 [trace] [system.db.CDbCommand] Querying SQL: SELECT `content`.`id` AS `t1_c0`, `content`.`user_id` AS `t1_c1`, `content`.`content` AS `t1_c2`, `content`.`transmit_count` AS `t1_c3`, `content`.`create_time` AS `t1_c4` FROM `l_talk` `content`  WHERE (`content`.`id`=:ypl0). Bound with :ypl0='136'
in D:\wamp\www\sns\protected\views\talkList\_view.php (12)
in D:\wamp\www\sns\protected\views\talkList\index.php (29)
in D:\wamp\www\sns\protected\controllers\TalkListController.php (112)
2013/05/15 22:55:16 [trace] [system.db.ar.CActiveRecord] lazy loading TalkList.talk_comment_count
in D:\wamp\www\sns\protected\views\talkList\_view.php (17)
in D:\wamp\www\sns\protected\views\talkList\index.php (29)
in D:\wamp\www\sns\protected\controllers\TalkListController.php (112)
2013/05/15 22:55:16 [trace] [system.db.CDbCommand] Querying SQL: SELECT `list_id` AS `c`, COUNT(*) AS `s` FROM `l_talk_comment` `t` WHERE (`t`.`list_id`=154) GROUP BY `list_id`
in D:\wamp\www\sns\protected\views\talkList\_view.php (17)
in D:\wamp\www\sns\protected\views\talkList\index.php (29)
in D:\wamp\www\sns\protected\controllers\TalkListController.php (112)
2013/05/15 22:55:16 [trace] [system.db.ar.CActiveRecord] lazy loading TalkList.user
in D:\wamp\www\sns\protected\views\talkList\_view.php (9)
in D:\wamp\www\sns\protected\views\talkList\index.php (29)
in D:\wamp\www\sns\protected\controllers\TalkListController.php (112)
2013/05/15 22:55:16 [trace] [system.db.CDbCommand] Querying SQL: SELECT `user`.`id` AS `t1_c0`, `user`.`username` AS `t1_c1`, `user`.`password` AS `t1_c2`, `user`.`pic` AS `t1_c3`, `user`.`nickname` AS `t1_c4`, `user`.`user_sign` AS `t1_c5`, `user`.`name` AS `t1_c6`, `user`.`english_name` AS `t1_c7`, `user`.`gender` AS `t1_c8`, `user`.`birthday` AS `t1_c9`, `user`.`horoscope` AS `t1_c10`, `user`.`blood_type` AS `t1_c11`, `user`.`current_live_id` AS `t1_c12`, `user`.`hometown_id` AS `t1_c13` FROM `l_user` `user`  WHERE (`user`.`id`=:ypl0). Bound with :ypl0='1'
in D:\wamp\www\sns\protected\views\talkList\_view.php (9)
in D:\wamp\www\sns\protected\views\talkList\index.php (29)
in D:\wamp\www\sns\protected\controllers\TalkListController.php (112)
2013/05/15 22:55:16 [trace] [system.db.ar.CActiveRecord] lazy loading TalkList.content
in D:\wamp\www\sns\protected\views\talkList\_view.php (12)
in D:\wamp\www\sns\protected\views\talkList\index.php (29)
in D:\wamp\www\sns\protected\controllers\TalkListController.php (112)
2013/05/15 22:55:16 [trace] [system.db.CDbCommand] Querying SQL: SELECT `content`.`id` AS `t1_c0`, `content`.`user_id` AS `t1_c1`, `content`.`content` AS `t1_c2`, `content`.`transmit_count` AS `t1_c3`, `content`.`create_time` AS `t1_c4` FROM `l_talk` `content`  WHERE (`content`.`id`=:ypl0). Bound with :ypl0='136'
in D:\wamp\www\sns\protected\views\talkList\_view.php (12)
in D:\wamp\www\sns\protected\views\talkList\index.php (29)
in D:\wamp\www\sns\protected\controllers\TalkListController.php (112)
2013/05/15 22:55:16 [trace] [system.db.ar.CActiveRecord] lazy loading TalkList.talk_comment_count
in D:\wamp\www\sns\protected\views\talkList\_view.php (17)
in D:\wamp\www\sns\protected\views\talkList\index.php (29)
in D:\wamp\www\sns\protected\controllers\TalkListController.php (112)
2013/05/15 22:55:16 [trace] [system.db.CDbCommand] Querying SQL: SELECT `list_id` AS `c`, COUNT(*) AS `s` FROM `l_talk_comment` `t` WHERE (`t`.`list_id`=153) GROUP BY `list_id`
in D:\wamp\www\sns\protected\views\talkList\_view.php (17)
in D:\wamp\www\sns\protected\views\talkList\index.php (29)
in D:\wamp\www\sns\protected\controllers\TalkListController.php (112)
2013/05/15 22:55:16 [trace] [system.db.ar.CActiveRecord] lazy loading TalkList.user
in D:\wamp\www\sns\protected\views\talkList\_view.php (9)
in D:\wamp\www\sns\protected\views\talkList\index.php (29)
in D:\wamp\www\sns\protected\controllers\TalkListController.php (112)
2013/05/15 22:55:16 [trace] [system.db.CDbCommand] Querying SQL: SELECT `user`.`id` AS `t1_c0`, `user`.`username` AS `t1_c1`, `user`.`password` AS `t1_c2`, `user`.`pic` AS `t1_c3`, `user`.`nickname` AS `t1_c4`, `user`.`user_sign` AS `t1_c5`, `user`.`name` AS `t1_c6`, `user`.`english_name` AS `t1_c7`, `user`.`gender` AS `t1_c8`, `user`.`birthday` AS `t1_c9`, `user`.`horoscope` AS `t1_c10`, `user`.`blood_type` AS `t1_c11`, `user`.`current_live_id` AS `t1_c12`, `user`.`hometown_id` AS `t1_c13` FROM `l_user` `user`  WHERE (`user`.`id`=:ypl0). Bound with :ypl0='1'
in D:\wamp\www\sns\protected\views\talkList\_view.php (9)
in D:\wamp\www\sns\protected\views\talkList\index.php (29)
in D:\wamp\www\sns\protected\controllers\TalkListController.php (112)
2013/05/15 22:55:16 [trace] [system.db.ar.CActiveRecord] lazy loading TalkList.content
in D:\wamp\www\sns\protected\views\talkList\_view.php (12)
in D:\wamp\www\sns\protected\views\talkList\index.php (29)
in D:\wamp\www\sns\protected\controllers\TalkListController.php (112)
2013/05/15 22:55:16 [trace] [system.db.CDbCommand] Querying SQL: SELECT `content`.`id` AS `t1_c0`, `content`.`user_id` AS `t1_c1`, `content`.`content` AS `t1_c2`, `content`.`transmit_count` AS `t1_c3`, `content`.`create_time` AS `t1_c4` FROM `l_talk` `content`  WHERE (`content`.`id`=:ypl0). Bound with :ypl0='135'
in D:\wamp\www\sns\protected\views\talkList\_view.php (12)
in D:\wamp\www\sns\protected\views\talkList\index.php (29)
in D:\wamp\www\sns\protected\controllers\TalkListController.php (112)
2013/05/15 22:55:16 [trace] [system.db.ar.CActiveRecord] lazy loading TalkList.talk_comment_count
in D:\wamp\www\sns\protected\views\talkList\_view.php (17)
in D:\wamp\www\sns\protected\views\talkList\index.php (29)
in D:\wamp\www\sns\protected\controllers\TalkListController.php (112)
2013/05/15 22:55:16 [trace] [system.db.CDbCommand] Querying SQL: SELECT `list_id` AS `c`, COUNT(*) AS `s` FROM `l_talk_comment` `t` WHERE (`t`.`list_id`=152) GROUP BY `list_id`
in D:\wamp\www\sns\protected\views\talkList\_view.php (17)
in D:\wamp\www\sns\protected\views\talkList\index.php (29)
in D:\wamp\www\sns\protected\controllers\TalkListController.php (112)
2013/05/15 22:55:16 [trace] [system.db.ar.CActiveRecord] lazy loading TalkList.user
in D:\wamp\www\sns\protected\views\talkList\_view.php (9)
in D:\wamp\www\sns\protected\views\talkList\index.php (29)
in D:\wamp\www\sns\protected\controllers\TalkListController.php (112)
2013/05/15 22:55:16 [trace] [system.db.CDbCommand] Querying SQL: SELECT `user`.`id` AS `t1_c0`, `user`.`username` AS `t1_c1`, `user`.`password` AS `t1_c2`, `user`.`pic` AS `t1_c3`, `user`.`nickname` AS `t1_c4`, `user`.`user_sign` AS `t1_c5`, `user`.`name` AS `t1_c6`, `user`.`english_name` AS `t1_c7`, `user`.`gender` AS `t1_c8`, `user`.`birthday` AS `t1_c9`, `user`.`horoscope` AS `t1_c10`, `user`.`blood_type` AS `t1_c11`, `user`.`current_live_id` AS `t1_c12`, `user`.`hometown_id` AS `t1_c13` FROM `l_user` `user`  WHERE (`user`.`id`=:ypl0). Bound with :ypl0='1'
in D:\wamp\www\sns\protected\views\talkList\_view.php (9)
in D:\wamp\www\sns\protected\views\talkList\index.php (29)
in D:\wamp\www\sns\protected\controllers\TalkListController.php (112)
2013/05/15 22:55:16 [trace] [system.db.ar.CActiveRecord] lazy loading TalkList.content
in D:\wamp\www\sns\protected\views\talkList\_view.php (12)
in D:\wamp\www\sns\protected\views\talkList\index.php (29)
in D:\wamp\www\sns\protected\controllers\TalkListController.php (112)
2013/05/15 22:55:16 [trace] [system.db.CDbCommand] Querying SQL: SELECT `content`.`id` AS `t1_c0`, `content`.`user_id` AS `t1_c1`, `content`.`content` AS `t1_c2`, `content`.`transmit_count` AS `t1_c3`, `content`.`create_time` AS `t1_c4` FROM `l_talk` `content`  WHERE (`content`.`id`=:ypl0). Bound with :ypl0='135'
in D:\wamp\www\sns\protected\views\talkList\_view.php (12)
in D:\wamp\www\sns\protected\views\talkList\index.php (29)
in D:\wamp\www\sns\protected\controllers\TalkListController.php (112)
2013/05/15 22:55:16 [trace] [system.db.ar.CActiveRecord] lazy loading TalkList.talk_comment_count
in D:\wamp\www\sns\protected\views\talkList\_view.php (17)
in D:\wamp\www\sns\protected\views\talkList\index.php (29)
in D:\wamp\www\sns\protected\controllers\TalkListController.php (112)
2013/05/15 22:55:16 [trace] [system.db.CDbCommand] Querying SQL: SELECT `list_id` AS `c`, COUNT(*) AS `s` FROM `l_talk_comment` `t` WHERE (`t`.`list_id`=151) GROUP BY `list_id`
in D:\wamp\www\sns\protected\views\talkList\_view.php (17)
in D:\wamp\www\sns\protected\views\talkList\index.php (29)
in D:\wamp\www\sns\protected\controllers\TalkListController.php (112)
2013/05/15 22:55:16 [trace] [system.db.ar.CActiveRecord] lazy loading TalkList.user
in D:\wamp\www\sns\protected\views\talkList\_view.php (9)
in D:\wamp\www\sns\protected\views\talkList\index.php (29)
in D:\wamp\www\sns\protected\controllers\TalkListController.php (112)
2013/05/15 22:55:16 [trace] [system.db.CDbCommand] Querying SQL: SELECT `user`.`id` AS `t1_c0`, `user`.`username` AS `t1_c1`, `user`.`password` AS `t1_c2`, `user`.`pic` AS `t1_c3`, `user`.`nickname` AS `t1_c4`, `user`.`user_sign` AS `t1_c5`, `user`.`name` AS `t1_c6`, `user`.`english_name` AS `t1_c7`, `user`.`gender` AS `t1_c8`, `user`.`birthday` AS `t1_c9`, `user`.`horoscope` AS `t1_c10`, `user`.`blood_type` AS `t1_c11`, `user`.`current_live_id` AS `t1_c12`, `user`.`hometown_id` AS `t1_c13` FROM `l_user` `user`  WHERE (`user`.`id`=:ypl0). Bound with :ypl0='1'
in D:\wamp\www\sns\protected\views\talkList\_view.php (9)
in D:\wamp\www\sns\protected\views\talkList\index.php (29)
in D:\wamp\www\sns\protected\controllers\TalkListController.php (112)
2013/05/15 22:55:16 [trace] [system.db.ar.CActiveRecord] lazy loading TalkList.content
in D:\wamp\www\sns\protected\views\talkList\_view.php (12)
in D:\wamp\www\sns\protected\views\talkList\index.php (29)
in D:\wamp\www\sns\protected\controllers\TalkListController.php (112)
2013/05/15 22:55:16 [trace] [system.db.CDbCommand] Querying SQL: SELECT `content`.`id` AS `t1_c0`, `content`.`user_id` AS `t1_c1`, `content`.`content` AS `t1_c2`, `content`.`transmit_count` AS `t1_c3`, `content`.`create_time` AS `t1_c4` FROM `l_talk` `content`  WHERE (`content`.`id`=:ypl0). Bound with :ypl0='135'
in D:\wamp\www\sns\protected\views\talkList\_view.php (12)
in D:\wamp\www\sns\protected\views\talkList\index.php (29)
in D:\wamp\www\sns\protected\controllers\TalkListController.php (112)
2013/05/15 22:55:16 [trace] [system.db.ar.CActiveRecord] lazy loading TalkList.talk_comment_count
in D:\wamp\www\sns\protected\views\talkList\_view.php (17)
in D:\wamp\www\sns\protected\views\talkList\index.php (29)
in D:\wamp\www\sns\protected\controllers\TalkListController.php (112)
2013/05/15 22:55:16 [trace] [system.db.CDbCommand] Querying SQL: SELECT `list_id` AS `c`, COUNT(*) AS `s` FROM `l_talk_comment` `t` WHERE (`t`.`list_id`=150) GROUP BY `list_id`
in D:\wamp\www\sns\protected\views\talkList\_view.php (17)
in D:\wamp\www\sns\protected\views\talkList\index.php (29)
in D:\wamp\www\sns\protected\controllers\TalkListController.php (112)
2013/05/17 09:50:55 [trace] [system.db.CDbConnection] Opening DB connection
in D:\xampp\htdocs\sns\protected\controllers\MessageController.php (127)
in D:\xampp\htdocs\sns\index.php (13)
2013/05/17 09:50:56 [trace] [system.db.CDbCommand] Querying SQL: SHOW COLUMNS FROM `l_message`
in D:\xampp\htdocs\sns\protected\controllers\MessageController.php (127)
in D:\xampp\htdocs\sns\index.php (13)
2013/05/17 09:50:56 [trace] [system.db.CDbCommand] Querying SQL: SHOW CREATE TABLE `l_message`
in D:\xampp\htdocs\sns\protected\controllers\MessageController.php (127)
in D:\xampp\htdocs\sns\index.php (13)
2013/05/17 11:30:43 [trace] [system.db.CDbConnection] Opening DB connection
in D:\xampp\htdocs\sns\protected\controllers\MessageController.php (127)
in D:\xampp\htdocs\sns\index.php (13)
2013/05/17 11:30:44 [trace] [system.db.CDbCommand] Querying SQL: SHOW COLUMNS FROM `l_message`
in D:\xampp\htdocs\sns\protected\controllers\MessageController.php (127)
in D:\xampp\htdocs\sns\index.php (13)
2013/05/17 11:30:44 [trace] [system.db.CDbCommand] Querying SQL: SHOW CREATE TABLE `l_message`
in D:\xampp\htdocs\sns\protected\controllers\MessageController.php (127)
in D:\xampp\htdocs\sns\index.php (13)
2013/05/17 11:32:33 [trace] [system.db.CDbConnection] Opening DB connection
in D:\xampp\htdocs\sns\protected\controllers\MessageController.php (127)
in D:\xampp\htdocs\sns\index.php (13)
2013/05/17 11:32:34 [trace] [system.db.CDbCommand] Querying SQL: SHOW COLUMNS FROM `l_message`
in D:\xampp\htdocs\sns\protected\controllers\MessageController.php (127)
in D:\xampp\htdocs\sns\index.php (13)
2013/05/17 11:32:34 [trace] [system.db.CDbCommand] Querying SQL: SHOW CREATE TABLE `l_message`
in D:\xampp\htdocs\sns\protected\controllers\MessageController.php (127)
in D:\xampp\htdocs\sns\index.php (13)
2013/05/17 11:34:43 [trace] [system.db.CDbConnection] Opening DB connection
in D:\xampp\htdocs\sns\protected\controllers\MessageController.php (127)
in D:\xampp\htdocs\sns\index.php (13)
2013/05/17 11:34:44 [trace] [system.db.CDbCommand] Querying SQL: SHOW COLUMNS FROM `l_message`
in D:\xampp\htdocs\sns\protected\controllers\MessageController.php (127)
in D:\xampp\htdocs\sns\index.php (13)
2013/05/17 11:34:44 [trace] [system.db.CDbCommand] Querying SQL: SHOW CREATE TABLE `l_message`
in D:\xampp\htdocs\sns\protected\controllers\MessageController.php (127)
in D:\xampp\htdocs\sns\index.php (13)
2013/05/17 11:35:05 [trace] [system.db.CDbConnection] Opening DB connection
in D:\xampp\htdocs\sns\protected\controllers\MessageController.php (127)
in D:\xampp\htdocs\sns\index.php (13)
2013/05/17 11:35:06 [trace] [system.db.CDbCommand] Querying SQL: SHOW COLUMNS FROM `l_message`
in D:\xampp\htdocs\sns\protected\controllers\MessageController.php (127)
in D:\xampp\htdocs\sns\index.php (13)
2013/05/17 11:35:06 [trace] [system.db.CDbCommand] Querying SQL: SHOW CREATE TABLE `l_message`
in D:\xampp\htdocs\sns\protected\controllers\MessageController.php (127)
in D:\xampp\htdocs\sns\index.php (13)
2013/05/17 11:35:48 [trace] [system.db.CDbConnection] Opening DB connection
in D:\xampp\htdocs\sns\protected\controllers\MessageController.php (127)
in D:\xampp\htdocs\sns\index.php (13)
2013/05/17 11:35:49 [trace] [system.db.CDbCommand] Querying SQL: SHOW COLUMNS FROM `l_message`
in D:\xampp\htdocs\sns\protected\controllers\MessageController.php (127)
in D:\xampp\htdocs\sns\index.php (13)
2013/05/17 11:35:49 [trace] [system.db.CDbCommand] Querying SQL: SHOW CREATE TABLE `l_message`
in D:\xampp\htdocs\sns\protected\controllers\MessageController.php (127)
in D:\xampp\htdocs\sns\index.php (13)
2013/05/17 11:36:08 [trace] [system.db.CDbConnection] Opening DB connection
in D:\xampp\htdocs\sns\protected\controllers\MessageController.php (127)
in D:\xampp\htdocs\sns\index.php (13)
2013/05/17 11:36:09 [trace] [system.db.CDbCommand] Querying SQL: SHOW COLUMNS FROM `l_message`
in D:\xampp\htdocs\sns\protected\controllers\MessageController.php (127)
in D:\xampp\htdocs\sns\index.php (13)
2013/05/17 11:36:09 [trace] [system.db.CDbCommand] Querying SQL: SHOW CREATE TABLE `l_message`
in D:\xampp\htdocs\sns\protected\controllers\MessageController.php (127)
in D:\xampp\htdocs\sns\index.php (13)
